<testsuite failures="0" name="features/secondTest.feature" skipped="0" tests="1" time="2.256606">
  <testcase classname="features.secondTest" name="list user with name as Harry in 2nd feature" time="2.256606">
    <system-out>* url 'https://gorest.co.in' .............................................. passed
* header Authorization = 'Bearer jHQfgBru_xaZm1MyYvStCgE4KMsxTLGVRw-W' .... passed
Given path '/public-api/users' ............................................ passed
And param first_name = 'Harry' ............................................ passed
When method get ........................................................... passed
Then status 200 ........................................................... passed
Then match response.result[*].first_name contains ["Harry"] ............... passed</system-out>
  </testcase>
</testsuite>
